<?xml version="1.0" encoding="UTF-8" standalone="no" ?>
<testsuites>
  <testsuite errors="0" failures="0" name="CtrlEnv_UnitTest_MQC" skipped="0" tests="15" time="92.5865">
    <testcase classname="CtrlEnv_UnitTest_MQC" name="MQC_CallbackButtons_1" time="7.1466"/>
    <testcase classname="CtrlEnv_UnitTest_MQC" name="MQC_Harness_1" time="10.8462"/>
    <testcase classname="CtrlEnv_UnitTest_MQC" name="MQC_Harness_2" time="0.01514"/>
    <testcase classname="CtrlEnv_UnitTest_MQC" name="MQC_SimulationCase_1" time="10.9347"/>
    <testcase classname="CtrlEnv_UnitTest_MQC" name="MQC_SimulationCase_2" time="15.2655"/>
    <testcase classname="CtrlEnv_UnitTest_MQC" name="MQC_SimulationCase_3" time="10.4517"/>
    <testcase classname="CtrlEnv_UnitTest_MQC" name="MQC_SimulationCase_4" time="9.9845"/>
    <testcase classname="CtrlEnv_UnitTest_MQC" name="MQC_SimulationCase_5" time="13.1401"/>
    <testcase classname="CtrlEnv_UnitTest_MQC" name="MQC_Configuration_1" time="0.34759"/>
    <testcase classname="CtrlEnv_UnitTest_MQC" name="MQC_Configuration_2" time="0.32602"/>
    <testcase classname="CtrlEnv_UnitTest_MQC" name="MQC_Configuration_3" time="0.33149"/>
    <testcase classname="CtrlEnv_UnitTest_MQC" name="MQC_Configuration_4" time="0.34464"/>
    <testcase classname="CtrlEnv_UnitTest_MQC" name="MQC_Configuration_5" time="0.3298"/>
    <testcase classname="CtrlEnv_UnitTest_MQC" name="MQC_Configuration_6" time="0.32359"/>
    <testcase classname="CtrlEnv_UnitTest_MQC" name="MQC_Utility_1" time="12.7988"/>
  </testsuite>
</testsuites>
