<?xml version="1.0" encoding="UTF-8" standalone="no" ?>
<testsuites>
  <testsuite errors="0" failures="0" name="BEV_UnitTest_MQC" skipped="0" tests="15" time="126.2736">
    <testcase classname="BEV_UnitTest_MQC" name="MQC_CallbackButtons_1" time="5.4622"/>
    <testcase classname="BEV_UnitTest_MQC" name="MQC_TopFolder_1" time="10.9343"/>
    <testcase classname="BEV_UnitTest_MQC" name="MQC_TopFolder_2" time="0.24489"/>
    <testcase classname="BEV_UnitTest_MQC" name="MQC_TopFolder_3" time="13.7184"/>
    <testcase classname="BEV_UnitTest_MQC" name="MQC_SimulationCases_1_1" time="9.066"/>
    <testcase classname="BEV_UnitTest_MQC" name="MQC_SimulationCases_1_2" time="17.2894"/>
    <testcase classname="BEV_UnitTest_MQC" name="MQC_SimulationCases_1_3" time="9.8453"/>
    <testcase classname="BEV_UnitTest_MQC" name="MQC_SimulationCases_1_4" time="8.6392"/>
    <testcase classname="BEV_UnitTest_MQC" name="MQC_SimulationCases_1_5" time="13.9652"/>
    <testcase classname="BEV_UnitTest_MQC" name="MQC_SimulationCases_2_1" time="10.7863"/>
    <testcase classname="BEV_UnitTest_MQC" name="MQC_SimulationCases_2_2" time="9.9055"/>
    <testcase classname="BEV_UnitTest_MQC" name="MQC_Configuration_1" time="1.0008"/>
    <testcase classname="BEV_UnitTest_MQC" name="MQC_Configuration_2" time="1.5406"/>
    <testcase classname="BEV_UnitTest_MQC" name="MQC_Utility_1" time="0.0046718"/>
    <testcase classname="BEV_UnitTest_MQC" name="MQC_Utility_2" time="13.8711"/>
  </testsuite>
</testsuites>
