<?xml version="1.0" encoding="UTF-8" standalone="no" ?>
<coverage branch-rate="NaN" branches-covered="NaN" branches-valid="NaN" complexity="NaN" line-rate="0.67624" lines-covered="4286" lines-valid="6338" timestamp="1732104346.3937" version="">
  <sources>
    <source>C:\local\mw\gh-isaacito12-bev\</source>
  </sources>
  <packages>
    <package branch-rate="NaN" complexity="NaN" line-rate="0.67143" name="">
      <classes>
        <class branch-rate="NaN" complexity="NaN" filename="BEVProjectNavigator.m" line-rate="0" name="BEVProjectNavigator">
          <methods/>
          <lines>
            <line hits="0" number="11"/>
            <line hits="0" number="12"/>
            <line hits="0" number="14"/>
            <line hits="0" number="15"/>
            <line hits="0" number="16"/>
            <line hits="0" number="18"/>
            <line hits="0" number="19"/>
            <line hits="0" number="21"/>
            <line hits="0" number="23"/>
            <line hits="0" number="24"/>
            <line hits="0" number="27"/>
            <line hits="0" number="29"/>
            <line hits="0" number="30"/>
            <line hits="0" number="33"/>
            <line hits="0" number="34"/>
            <line hits="0" number="36"/>
            <line hits="0" number="37"/>
            <line hits="0" number="38"/>
            <line hits="0" number="40"/>
            <line hits="0" number="41"/>
            <line hits="0" number="42"/>
            <line hits="0" number="43"/>
            <line hits="0" number="46"/>
            <line hits="0" number="48"/>
            <line hits="0" number="49"/>
            <line hits="0" number="52"/>
            <line hits="0" number="53"/>
            <line hits="0" number="55"/>
            <line hits="0" number="56"/>
            <line hits="0" number="57"/>
            <line hits="0" number="59"/>
            <line hits="0" number="60"/>
            <line hits="0" number="61"/>
            <line hits="0" number="62"/>
            <line hits="0" number="65"/>
            <line hits="0" number="66"/>
            <line hits="0" number="68"/>
            <line hits="0" number="69"/>
            <line hits="0" number="70"/>
            <line hits="0" number="72"/>
            <line hits="0" number="73"/>
            <line hits="0" number="74"/>
            <line hits="0" number="75"/>
            <line hits="0" number="78"/>
            <line hits="0" number="79"/>
            <line hits="0" number="81"/>
            <line hits="0" number="82"/>
            <line hits="0" number="83"/>
            <line hits="0" number="85"/>
            <line hits="0" number="86"/>
            <line hits="0" number="87"/>
            <line hits="0" number="88"/>
            <line hits="0" number="91"/>
            <line hits="0" number="92"/>
            <line hits="0" number="94"/>
            <line hits="0" number="95"/>
            <line hits="0" number="96"/>
            <line hits="0" number="98"/>
            <line hits="0" number="99"/>
            <line hits="0" number="100"/>
            <line hits="0" number="101"/>
            <line hits="0" number="104"/>
            <line hits="0" number="105"/>
            <line hits="0" number="107"/>
            <line hits="0" number="108"/>
            <line hits="0" number="111"/>
            <line hits="0" number="113"/>
            <line hits="0" number="114"/>
            <line hits="0" number="117"/>
            <line hits="0" number="118"/>
            <line hits="0" number="120"/>
            <line hits="0" number="121"/>
            <line hits="0" number="122"/>
            <line hits="0" number="124"/>
            <line hits="0" number="125"/>
            <line hits="0" number="126"/>
            <line hits="0" number="127"/>
            <line hits="0" number="130"/>
            <line hits="0" number="131"/>
            <line hits="0" number="133"/>
            <line hits="0" number="134"/>
            <line hits="0" number="135"/>
            <line hits="0" number="137"/>
            <line hits="0" number="138"/>
            <line hits="0" number="139"/>
            <line hits="0" number="140"/>
            <line hits="0" number="143"/>
            <line hits="0" number="144"/>
            <line hits="0" number="146"/>
            <line hits="0" number="147"/>
            <line hits="0" number="148"/>
            <line hits="0" number="150"/>
            <line hits="0" number="151"/>
            <line hits="0" number="152"/>
            <line hits="0" number="153"/>
            <line hits="0" number="156"/>
            <line hits="0" number="157"/>
            <line hits="0" number="159"/>
            <line hits="0" number="160"/>
            <line hits="0" number="161"/>
            <line hits="0" number="163"/>
            <line hits="0" number="164"/>
            <line hits="0" number="165"/>
            <line hits="0" number="166"/>
            <line hits="0" number="169"/>
            <line hits="0" number="170"/>
            <line hits="0" number="172"/>
            <line hits="0" number="173"/>
            <line hits="0" number="174"/>
            <line hits="0" number="176"/>
            <line hits="0" number="177"/>
            <line hits="0" number="178"/>
            <line hits="0" number="179"/>
            <line hits="0" number="182"/>
            <line hits="0" number="183"/>
            <line hits="0" number="185"/>
            <line hits="0" number="186"/>
            <line hits="0" number="189"/>
            <line hits="0" number="191"/>
            <line hits="0" number="192"/>
            <line hits="0" number="195"/>
            <line hits="0" number="196"/>
            <line hits="0" number="198"/>
            <line hits="0" number="199"/>
            <line hits="0" number="200"/>
            <line hits="0" number="202"/>
            <line hits="0" number="203"/>
            <line hits="0" number="204"/>
            <line hits="0" number="205"/>
            <line hits="0" number="208"/>
            <line hits="0" number="210"/>
            <line hits="0" number="211"/>
            <line hits="0" number="214"/>
            <line hits="0" number="215"/>
            <line hits="0" number="217"/>
            <line hits="0" number="218"/>
            <line hits="0" number="219"/>
            <line hits="0" number="220"/>
            <line hits="0" number="222"/>
            <line hits="0" number="223"/>
            <line hits="0" number="224"/>
            <line hits="0" number="225"/>
            <line hits="0" number="226"/>
            <line hits="0" number="227"/>
            <line hits="0" number="230"/>
            <line hits="0" number="231"/>
            <line hits="0" number="233"/>
            <line hits="0" number="234"/>
            <line hits="0" number="235"/>
            <line hits="0" number="236"/>
            <line hits="0" number="238"/>
            <line hits="0" number="239"/>
            <line hits="0" number="240"/>
            <line hits="0" number="241"/>
            <line hits="0" number="242"/>
            <line hits="0" number="243"/>
            <line hits="0" number="246"/>
            <line hits="0" number="247"/>
            <line hits="0" number="249"/>
            <line hits="0" number="250"/>
            <line hits="0" number="251"/>
            <line hits="0" number="252"/>
            <line hits="0" number="254"/>
            <line hits="0" number="255"/>
            <line hits="0" number="256"/>
            <line hits="0" number="257"/>
            <line hits="0" number="258"/>
            <line hits="0" number="259"/>
            <line hits="0" number="262"/>
            <line hits="0" number="267"/>
            <line hits="0" number="268"/>
            <line hits="0" number="272"/>
            <line hits="0" number="273"/>
            <line hits="0" number="277"/>
            <line hits="0" number="278"/>
            <line hits="0" number="282"/>
            <line hits="0" number="283"/>
          </lines>
        </class>
        <class branch-rate="NaN" complexity="NaN" filename="BEVProject_main_script.mlx" line-rate="NaN" name="BEVProject_main_script">
          <methods/>
          <lines/>
        </class>
        <class branch-rate="NaN" complexity="NaN" filename="BEV\BEV_main_script.mlx" line-rate="1" name="BEV_main_script">
          <methods/>
          <lines>
            <line hits="1" number="1"/>
            <line hits="1" number="4"/>
            <line hits="1" number="7"/>
            <line hits="1" number="9"/>
            <line hits="1" number="10"/>
            <line hits="1" number="11"/>
            <line hits="1" number="12"/>
            <line hits="1" number="13"/>
            <line hits="1" number="15"/>
            <line hits="1" number="16"/>
            <line hits="1" number="17"/>
            <line hits="1" number="19"/>
            <line hits="1" number="20"/>
            <line hits="1" number="21"/>
            <line hits="1" number="23"/>
            <line hits="1" number="26"/>
            <line hits="1" number="31"/>
            <line hits="1" number="32"/>
            <line hits="1" number="33"/>
            <line hits="1" number="36"/>
            <line hits="1" number="39"/>
            <line hits="1" number="41"/>
            <line hits="1" number="43"/>
            <line hits="1" number="44"/>
            <line hits="1" number="45"/>
            <line hits="1" number="48"/>
            <line hits="1" number="49"/>
            <line hits="1" number="50"/>
            <line hits="1" number="51"/>
            <line hits="1" number="52"/>
            <line hits="1" number="53"/>
            <line hits="1" number="56"/>
            <line hits="1" number="59"/>
            <line hits="1" number="62"/>
            <line hits="1" number="64"/>
            <line hits="1" number="65"/>
            <line hits="1" number="66"/>
            <line hits="1" number="67"/>
            <line hits="5" number="72"/>
            <line hits="5" number="73"/>
            <line hits="1" number="75"/>
            <line hits="1" number="76"/>
            <line hits="1" number="77"/>
            <line hits="1" number="81"/>
            <line hits="1" number="82"/>
            <line hits="1" number="83"/>
            <line hits="1" number="84"/>
            <line hits="1" number="85"/>
            <line hits="1" number="86"/>
            <line hits="1" number="87"/>
            <line hits="1" number="88"/>
            <line hits="1" number="89"/>
            <line hits="1" number="90"/>
            <line hits="1" number="91"/>
            <line hits="1" number="92"/>
            <line hits="1" number="93"/>
            <line hits="1" number="94"/>
            <line hits="1" number="95"/>
            <line hits="1" number="96"/>
            <line hits="1" number="97"/>
            <line hits="1" number="98"/>
          </lines>
        </class>
        <class branch-rate="NaN" complexity="NaN" filename="BEV\BEV_setup.m" line-rate="1" name="BEV_setup">
          <methods/>
          <lines>
            <line hits="14" number="14"/>
            <line hits="14" number="15"/>
            <line hits="14" number="19"/>
            <line hits="14" number="20"/>
            <line hits="14" number="22"/>
            <line hits="14" number="23"/>
            <line hits="14" number="24"/>
            <line hits="14" number="25"/>
            <line hits="14" number="27"/>
            <line hits="14" number="28"/>
            <line hits="14" number="32"/>
            <line hits="14" number="34"/>
            <line hits="14" number="36"/>
            <line hits="14" number="37"/>
            <line hits="14" number="38"/>
            <line hits="14" number="39"/>
            <line hits="14" number="40"/>
            <line hits="14" number="42"/>
            <line hits="14" number="44"/>
            <line hits="14" number="47"/>
            <line hits="14" number="48"/>
            <line hits="14" number="53"/>
            <line hits="14" number="54"/>
            <line hits="14" number="55"/>
            <line hits="14" number="56"/>
            <line hits="14" number="57"/>
            <line hits="14" number="61"/>
            <line hits="14" number="63"/>
            <line hits="14" number="64"/>
            <line hits="14" number="66"/>
            <line hits="14" number="67"/>
            <line hits="14" number="71"/>
            <line hits="14" number="72"/>
            <line hits="14" number="73"/>
            <line hits="14" number="75"/>
            <line hits="14" number="76"/>
            <line hits="14" number="79"/>
            <line hits="14" number="80"/>
            <line hits="14" number="81"/>
            <line hits="14" number="82"/>
            <line hits="14" number="83"/>
            <line hits="14" number="85"/>
            <line hits="14" number="86"/>
            <line hits="14" number="88"/>
            <line hits="14" number="92"/>
            <line hits="14" number="94"/>
            <line hits="14" number="95"/>
            <line hits="14" number="97"/>
            <line hits="14" number="98"/>
            <line hits="14" number="102"/>
            <line hits="14" number="104"/>
            <line hits="14" number="106"/>
            <line hits="14" number="111"/>
            <line hits="14" number="112"/>
            <line hits="14" number="115"/>
            <line hits="14" number="116"/>
            <line hits="14" number="119"/>
            <line hits="14" number="123"/>
            <line hits="14" number="124"/>
            <line hits="14" number="125"/>
            <line hits="14" number="127"/>
            <line hits="14" number="128"/>
            <line hits="14" number="129"/>
            <line hits="14" number="130"/>
            <line hits="14" number="131"/>
            <line hits="14" number="133"/>
            <line hits="14" number="135"/>
            <line hits="14" number="137"/>
            <line hits="14" number="138"/>
          </lines>
        </class>
        <class branch-rate="NaN" complexity="NaN" filename="BEV\SimulationCases\BEV_Case_Constant_Basic.mlx" line-rate="1" name="BEV_Case_Constant_Basic">
          <methods/>
          <lines>
            <line hits="1" number="1"/>
            <line hits="1" number="2"/>
            <line hits="1" number="3"/>
            <line hits="1" number="4"/>
            <line hits="1" number="5"/>
            <line hits="1" number="6"/>
            <line hits="1" number="7"/>
            <line hits="1" number="8"/>
            <line hits="1" number="9"/>
            <line hits="1" number="10"/>
            <line hits="1" number="11"/>
          </lines>
        </class>
        <class branch-rate="NaN" complexity="NaN" filename="BEV\SimulationCases\BEV_Case_Constant_Thermal.mlx" line-rate="1" name="BEV_Case_Constant_Thermal">
          <methods/>
          <lines>
            <line hits="1" number="1"/>
            <line hits="1" number="2"/>
            <line hits="1" number="4"/>
            <line hits="1" number="5"/>
            <line hits="1" number="6"/>
            <line hits="1" number="7"/>
            <line hits="1" number="8"/>
            <line hits="1" number="9"/>
            <line hits="1" number="10"/>
            <line hits="1" number="11"/>
            <line hits="1" number="12"/>
          </lines>
        </class>
        <class branch-rate="NaN" complexity="NaN" filename="BEV\SimulationCases\BEV_Case_FTP75_Basic.mlx" line-rate="1" name="BEV_Case_FTP75_Basic">
          <methods/>
          <lines>
            <line hits="1" number="1"/>
            <line hits="1" number="2"/>
            <line hits="1" number="3"/>
            <line hits="1" number="4"/>
            <line hits="1" number="5"/>
            <line hits="1" number="6"/>
            <line hits="1" number="7"/>
            <line hits="1" number="8"/>
            <line hits="1" number="9"/>
            <line hits="1" number="10"/>
            <line hits="1" number="11"/>
          </lines>
        </class>
        <class branch-rate="NaN" complexity="NaN" filename="BEV\SimulationCases\BEV_Case_HighSpeed_Basic.mlx" line-rate="1" name="BEV_Case_HighSpeed_Basic">
          <methods/>
          <lines>
            <line hits="1" number="1"/>
            <line hits="1" number="2"/>
            <line hits="1" number="3"/>
            <line hits="1" number="4"/>
            <line hits="1" number="5"/>
            <line hits="1" number="6"/>
            <line hits="1" number="7"/>
            <line hits="1" number="8"/>
            <line hits="1" number="9"/>
            <line hits="1" number="10"/>
            <line hits="1" number="11"/>
          </lines>
        </class>
        <class branch-rate="NaN" complexity="NaN" filename="BEV\SimulationCases\BEV_Case_SimpleDrivePattern_Basic.mlx" line-rate="1" name="BEV_Case_SimpleDrivePattern_Basic">
          <methods/>
          <lines>
            <line hits="1" number="1"/>
            <line hits="1" number="2"/>
            <line hits="1" number="3"/>
            <line hits="1" number="4"/>
            <line hits="1" number="5"/>
            <line hits="1" number="6"/>
            <line hits="1" number="7"/>
            <line hits="1" number="8"/>
            <line hits="1" number="9"/>
            <line hits="1" number="10"/>
            <line hits="1" number="11"/>
          </lines>
        </class>
        <class branch-rate="NaN" complexity="NaN" filename="BEV\SimulationCases\BEV_Case_SimpleDrivePattern_Thermal.mlx" line-rate="1" name="BEV_Case_SimpleDrivePattern_Thermal">
          <methods/>
          <lines>
            <line hits="1" number="1"/>
            <line hits="1" number="2"/>
            <line hits="1" number="4"/>
            <line hits="1" number="5"/>
            <line hits="1" number="6"/>
            <line hits="1" number="7"/>
            <line hits="1" number="8"/>
            <line hits="1" number="9"/>
            <line hits="1" number="10"/>
            <line hits="1" number="11"/>
            <line hits="1" number="12"/>
          </lines>
        </class>
        <class branch-rate="NaN" complexity="NaN" filename="BEV\SimulationCases\BEV_Case_test.m" line-rate="0" name="BEV_Case_test">
          <methods>
            <method branch-rate="NaN" line-rate="0" name="MQC_Constant_Basic_1" signature="MQC_Constant_Basic_1(~)">
              <lines>
                <line hits="0" number="31"/>
              </lines>
            </method>
            <method branch-rate="NaN" line-rate="0" name="MQC_Constant_Thermal_1" signature="MQC_Constant_Thermal_1(~)">
              <lines>
                <line hits="0" number="35"/>
              </lines>
            </method>
            <method branch-rate="NaN" line-rate="0" name="MQC_FTP75_Basic_1" signature="MQC_FTP75_Basic_1(~)">
              <lines>
                <line hits="0" number="39"/>
              </lines>
            </method>
            <method branch-rate="NaN" line-rate="0" name="MQC_HighSpeed_Basic_1" signature="MQC_HighSpeed_Basic_1(~)">
              <lines>
                <line hits="0" number="43"/>
              </lines>
            </method>
            <method branch-rate="NaN" line-rate="0" name="MQC_SimpleDrivePattern_Basic_1" signature="MQC_SimpleDrivePattern_Basic_1(~)">
              <lines>
                <line hits="0" number="47"/>
              </lines>
            </method>
            <method branch-rate="NaN" line-rate="0" name="MQC_SimpleDrivePattern_Thermal_1" signature="MQC_SimpleDrivePattern_Thermal_1(~)">
              <lines>
                <line hits="0" number="51"/>
              </lines>
            </method>
            <method branch-rate="NaN" line-rate="0" name="TestSetup" signature="TestSetup(testcase)">
              <lines>
                <line hits="0" number="62"/>
                <line hits="0" number="63"/>
                <line hits="0" number="69"/>
                <line hits="0" number="72"/>
                <line hits="0" number="73"/>
              </lines>
            </method>
          </methods>
          <lines>
            <line hits="0" number="31"/>
            <line hits="0" number="35"/>
            <line hits="0" number="39"/>
            <line hits="0" number="43"/>
            <line hits="0" number="47"/>
            <line hits="0" number="51"/>
            <line hits="0" number="62"/>
            <line hits="0" number="63"/>
            <line hits="0" number="69"/>
            <line hits="0" number="72"/>
            <line hits="0" number="73"/>
          </lines>
        </class>
        <class branch-rate="NaN" complexity="NaN" filename="BEV\Test\BEV_UnitTest_MQC.m" line-rate="1" name="BEV_UnitTest_MQC">
          <methods>
            <method branch-rate="NaN" line-rate="1" name="MQC_TopFolder_1" signature="MQC_TopFolder_1(~)">
              <lines>
                <line hits="1" number="21"/>
              </lines>
            </method>
            <method branch-rate="NaN" line-rate="1" name="MQC_TopFolder_2" signature="MQC_TopFolder_2(~)">
              <lines>
                <line hits="1" number="25"/>
                <line hits="1" number="26"/>
                <line hits="1" number="27"/>
              </lines>
            </method>
            <method branch-rate="NaN" line-rate="1" name="MQC_TopFolder_3" signature="MQC_TopFolder_3(~)">
              <lines>
                <line hits="1" number="31"/>
                <line hits="1" number="32"/>
                <line hits="1" number="33"/>
              </lines>
            </method>
            <method branch-rate="NaN" line-rate="1" name="MQC_SimulationCases_1_1" signature="MQC_SimulationCases_1_1(~)">
              <lines>
                <line hits="1" number="39"/>
              </lines>
            </method>
            <method branch-rate="NaN" line-rate="1" name="MQC_SimulationCases_1_2" signature="MQC_SimulationCases_1_2(~)">
              <lines>
                <line hits="1" number="43"/>
              </lines>
            </method>
            <method branch-rate="NaN" line-rate="1" name="MQC_SimulationCases_1_3" signature="MQC_SimulationCases_1_3(~)">
              <lines>
                <line hits="1" number="47"/>
              </lines>
            </method>
            <method branch-rate="NaN" line-rate="1" name="MQC_SimulationCases_1_4" signature="MQC_SimulationCases_1_4(~)">
              <lines>
                <line hits="1" number="51"/>
              </lines>
            </method>
            <method branch-rate="NaN" line-rate="1" name="MQC_SimulationCases_2_1" signature="MQC_SimulationCases_2_1(~)">
              <lines>
                <line hits="1" number="55"/>
              </lines>
            </method>
            <method branch-rate="NaN" line-rate="1" name="MQC_SimulationCases_2_2" signature="MQC_SimulationCases_2_2(~)">
              <lines>
                <line hits="1" number="59"/>
              </lines>
            </method>
            <method branch-rate="NaN" line-rate="1" name="MQC_Configuration_1" signature="MQC_Configuration_1(~)">
              <lines>
                <line hits="1" number="65"/>
                <line hits="1" number="66"/>
              </lines>
            </method>
            <method branch-rate="NaN" line-rate="1" name="MQC_Configuration_2" signature="MQC_Configuration_2(~)">
              <lines>
                <line hits="1" number="70"/>
                <line hits="1" number="71"/>
              </lines>
            </method>
            <method branch-rate="NaN" line-rate="1" name="MQC_Utility_1" signature="MQC_Utility_1(~)">
              <lines>
                <line hits="1" number="77"/>
              </lines>
            </method>
            <method branch-rate="NaN" line-rate="1" name="MQC_Utility_2" signature="MQC_Utility_2(~)">
              <lines>
                <line hits="1" number="81"/>
                <line hits="1" number="82"/>
                <line hits="1" number="83"/>
                <line hits="1" number="84"/>
                <line hits="1" number="86"/>
              </lines>
            </method>
            <method branch-rate="NaN" line-rate="1" name="buildFilesFoldersList" signature="buildFilesFoldersList(testCase)">
              <lines>
                <line hits="1" number="101"/>
                <line hits="1" number="103"/>
                <line hits="1" number="104"/>
              </lines>
            </method>
            <method branch-rate="NaN" line-rate="1" name="MQC_CallbackButtons_1" signature="MQC_CallbackButtons_1(testCase)">
              <lines>
                <line hits="1" number="112"/>
                <line hits="1" number="113"/>
                <line hits="1" number="114"/>
              </lines>
            </method>
          </methods>
          <lines>
            <line hits="1" number="21"/>
            <line hits="1" number="25"/>
            <line hits="1" number="26"/>
            <line hits="1" number="27"/>
            <line hits="1" number="31"/>
            <line hits="1" number="32"/>
            <line hits="1" number="33"/>
            <line hits="1" number="39"/>
            <line hits="1" number="43"/>
            <line hits="1" number="47"/>
            <line hits="1" number="51"/>
            <line hits="1" number="55"/>
            <line hits="1" number="59"/>
            <line hits="1" number="65"/>
            <line hits="1" number="66"/>
            <line hits="1" number="70"/>
            <line hits="1" number="71"/>
            <line hits="1" number="77"/>
            <line hits="1" number="81"/>
            <line hits="1" number="82"/>
            <line hits="1" number="83"/>
            <line hits="1" number="84"/>
            <line hits="1" number="86"/>
            <line hits="1" number="101"/>
            <line hits="1" number="103"/>
            <line hits="1" number="104"/>
            <line hits="1" number="112"/>
            <line hits="1" number="113"/>
            <line hits="1" number="114"/>
          </lines>
        </class>
        <class branch-rate="NaN" complexity="NaN" filename="BEV\Test\BEV_runtests.m" line-rate="0" name="BEV_runtests">
          <methods/>
          <lines>
            <line hits="0" number="8"/>
            <line hits="0" number="9"/>
            <line hits="0" number="11"/>
            <line hits="0" number="15"/>
            <line hits="0" number="16"/>
            <line hits="0" number="18"/>
            <line hits="0" number="19"/>
            <line hits="0" number="23"/>
            <line hits="0" number="25"/>
            <line hits="0" number="26"/>
            <line hits="0" number="28"/>
            <line hits="0" number="32"/>
            <line hits="0" number="33"/>
            <line hits="0" number="34"/>
            <line hits="0" number="37"/>
            <line hits="0" number="38"/>
            <line hits="0" number="39"/>
            <line hits="0" number="41"/>
            <line hits="0" number="42"/>
            <line hits="0" number="43"/>
            <line hits="0" number="44"/>
            <line hits="0" number="45"/>
            <line hits="0" number="46"/>
            <line hits="0" number="47"/>
            <line hits="0" number="48"/>
            <line hits="0" number="49"/>
            <line hits="0" number="51"/>
            <line hits="0" number="52"/>
            <line hits="0" number="54"/>
            <line hits="0" number="55"/>
            <line hits="0" number="57"/>
            <line hits="0" number="58"/>
            <line hits="0" number="59"/>
            <line hits="0" number="60"/>
            <line hits="0" number="62"/>
            <line hits="0" number="65"/>
            <line hits="0" number="66"/>
          </lines>
        </class>
        <class branch-rate="NaN" complexity="NaN" filename="BEV\Utility\BEV_getMotorSpeedFromVehicleSpeed.m" line-rate="1" name="BEV_getMotorSpeedFromVehicleSpeed">
          <methods/>
          <lines>
            <line hits="1" number="7"/>
            <line hits="1" number="8"/>
            <line hits="1" number="9"/>
            <line hits="1" number="12"/>
            <line hits="1" number="13"/>
            <line hits="1" number="14"/>
            <line hits="1" number="16"/>
            <line hits="1" number="18"/>
            <line hits="1" number="20"/>
            <line hits="1" number="22"/>
          </lines>
        </class>
        <class branch-rate="NaN" complexity="NaN" filename="BEV\Utility\BEV_plotResultsCompact.m" line-rate="1" name="BEV_plotResultsCompact">
          <methods/>
          <lines>
            <line hits="3" number="8"/>
            <line hits="8" number="11"/>
            <line hits="8" number="12"/>
            <line hits="8" number="14"/>
            <line hits="8" number="15"/>
            <line hits="8" number="17"/>
            <line hits="3" number="19"/>
            <line hits="5" number="22"/>
            <line hits="8" number="25"/>
            <line hits="8" number="26"/>
            <line hits="8" number="27"/>
            <line hits="8" number="29"/>
            <line hits="8" number="31"/>
            <line hits="8" number="32"/>
            <line hits="8" number="33"/>
            <line hits="8" number="34"/>
            <line hits="8" number="35"/>
            <line hits="8" number="36"/>
            <line hits="8" number="37"/>
            <line hits="8" number="38"/>
            <line hits="8" number="40"/>
            <line hits="8" number="42"/>
            <line hits="8" number="43"/>
            <line hits="8" number="44"/>
            <line hits="8" number="45"/>
            <line hits="8" number="46"/>
            <line hits="8" number="47"/>
            <line hits="8" number="49"/>
            <line hits="8" number="51"/>
            <line hits="8" number="52"/>
            <line hits="8" number="53"/>
            <line hits="8" number="54"/>
            <line hits="8" number="55"/>
            <line hits="8" number="56"/>
            <line hits="8" number="58"/>
            <line hits="3" number="59"/>
            <line hits="3" number="61"/>
            <line hits="3" number="62"/>
            <line hits="3" number="63"/>
            <line hits="3" number="64"/>
            <line hits="3" number="65"/>
            <line hits="3" number="66"/>
            <line hits="8" number="71"/>
            <line hits="8" number="73"/>
            <line hits="8" number="74"/>
            <line hits="8" number="75"/>
            <line hits="8" number="76"/>
            <line hits="8" number="77"/>
            <line hits="8" number="78"/>
            <line hits="8" number="80"/>
            <line hits="8" number="82"/>
            <line hits="8" number="83"/>
            <line hits="8" number="84"/>
            <line hits="8" number="85"/>
            <line hits="8" number="86"/>
            <line hits="8" number="87"/>
            <line hits="8" number="89"/>
            <line hits="8" number="91"/>
            <line hits="8" number="92"/>
            <line hits="8" number="93"/>
            <line hits="8" number="94"/>
            <line hits="8" number="95"/>
            <line hits="8" number="96"/>
            <line hits="8" number="98"/>
            <line hits="3" number="99"/>
            <line hits="3" number="101"/>
            <line hits="3" number="102"/>
            <line hits="3" number="103"/>
            <line hits="3" number="104"/>
            <line hits="3" number="105"/>
            <line hits="3" number="106"/>
          </lines>
        </class>
        <class branch-rate="NaN" complexity="NaN" filename="BEV\Utility\Configuration\BEV_useComponents_Basic.m" line-rate="1" name="BEV_useComponents_Basic">
          <methods/>
          <lines>
            <line hits="6" number="11"/>
            <line hits="6" number="12"/>
            <line hits="6" number="15"/>
            <line hits="6" number="17"/>
            <line hits="6" number="18"/>
            <line hits="6" number="21"/>
            <line hits="6" number="22"/>
            <line hits="6" number="23"/>
            <line hits="6" number="25"/>
            <line hits="6" number="26"/>
            <line hits="6" number="27"/>
            <line hits="6" number="29"/>
            <line hits="6" number="30"/>
            <line hits="6" number="31"/>
            <line hits="6" number="33"/>
            <line hits="6" number="34"/>
            <line hits="6" number="35"/>
            <line hits="6" number="37"/>
            <line hits="6" number="38"/>
            <line hits="6" number="39"/>
          </lines>
        </class>
        <class branch-rate="NaN" complexity="NaN" filename="BEV\Utility\Configuration\BEV_useComponents_Thermal.m" line-rate="1" name="BEV_useComponents_Thermal">
          <methods/>
          <lines>
            <line hits="3" number="11"/>
            <line hits="3" number="12"/>
            <line hits="3" number="15"/>
            <line hits="3" number="17"/>
            <line hits="3" number="18"/>
            <line hits="3" number="21"/>
            <line hits="3" number="22"/>
            <line hits="3" number="23"/>
            <line hits="3" number="25"/>
            <line hits="3" number="26"/>
            <line hits="3" number="27"/>
            <line hits="3" number="29"/>
            <line hits="3" number="30"/>
            <line hits="3" number="31"/>
            <line hits="3" number="33"/>
            <line hits="3" number="34"/>
            <line hits="3" number="35"/>
            <line hits="3" number="44"/>
            <line hits="3" number="45"/>
            <line hits="3" number="46"/>
          </lines>
        </class>
        <class branch-rate="NaN" complexity="NaN" filename="BEV\Utility\LocalTasks\BEV_generateMarkdown.m" line-rate="0" name="BEV_generateMarkdown">
          <methods/>
          <lines>
            <line hits="0" number="6"/>
            <line hits="0" number="7"/>
            <line hits="0" number="8"/>
            <line hits="0" number="9"/>
            <line hits="0" number="10"/>
            <line hits="0" number="11"/>
            <line hits="0" number="12"/>
            <line hits="0" number="13"/>
          </lines>
        </class>
        <class branch-rate="NaN" complexity="NaN" filename="BEV\Utility\LocalTasks\BEV_takeScreenshots.m" line-rate="0" name="BEV_takeScreenshots">
          <methods/>
          <lines>
            <line hits="0" number="6"/>
            <line hits="0" number="7"/>
            <line hits="0" number="10"/>
            <line hits="0" number="12"/>
            <line hits="0" number="13"/>
            <line hits="0" number="18"/>
            <line hits="0" number="21"/>
            <line hits="0" number="22"/>
            <line hits="0" number="23"/>
            <line hits="0" number="24"/>
          </lines>
        </class>
        <class branch-rate="NaN" complexity="NaN" filename="Components\BEVController\BEVController_refsub_Basic_params.m" line-rate="1" name="BEVController_refsub_Basic_params">
          <methods/>
          <lines>
            <line hits="14" number="10"/>
            <line hits="14" number="11"/>
            <line hits="14" number="17"/>
            <line hits="14" number="18"/>
            <line hits="14" number="21"/>
          </lines>
        </class>
        <class branch-rate="NaN" complexity="NaN" filename="Components\BEVController\Harness\BEVController_harness_setup.m" line-rate="1" name="BEVController_harness_setup">
          <methods/>
          <lines>
            <line hits="4" number="8"/>
          </lines>
        </class>
        <class branch-rate="NaN" complexity="NaN" filename="Components\BEVController\SimulationCases\BEVController_Case.mlx" line-rate="1" name="BEVController_Case">
          <methods/>
          <lines>
            <line hits="1" number="1"/>
            <line hits="1" number="2"/>
            <line hits="1" number="3"/>
            <line hits="1" number="5"/>
            <line hits="1" number="6"/>
            <line hits="1" number="7"/>
            <line hits="1" number="8"/>
            <line hits="1" number="9"/>
            <line hits="1" number="10"/>
            <line hits="1" number="11"/>
            <line hits="1" number="12"/>
            <line hits="1" number="13"/>
            <line hits="1" number="14"/>
            <line hits="1" number="15"/>
            <line hits="1" number="16"/>
            <line hits="1" number="17"/>
          </lines>
        </class>
        <class branch-rate="NaN" complexity="NaN" filename="Components\BEVController\SimulationCases\BEVController_Case_test.m" line-rate="0" name="BEVController_Case_test">
          <methods>
            <method branch-rate="NaN" line-rate="0" name="MQC_Charge_1" signature="MQC_Charge_1(~)">
              <lines>
                <line hits="0" number="28"/>
              </lines>
            </method>
            <method branch-rate="NaN" line-rate="0" name="TestSetup" signature="TestSetup(testcase)">
              <lines>
                <line hits="0" number="39"/>
                <line hits="0" number="40"/>
                <line hits="0" number="46"/>
                <line hits="0" number="49"/>
                <line hits="0" number="50"/>
              </lines>
            </method>
          </methods>
          <lines>
            <line hits="0" number="28"/>
            <line hits="0" number="39"/>
            <line hits="0" number="40"/>
            <line hits="0" number="46"/>
            <line hits="0" number="49"/>
            <line hits="0" number="50"/>
          </lines>
        </class>
        <class branch-rate="NaN" complexity="NaN" filename="Components\BEVController\Test\BEVController_UnitTest_MQC.m" line-rate="1" name="BEVController_UnitTest_MQC">
          <methods>
            <method branch-rate="NaN" line-rate="1" name="MQC_Harness_1" signature="MQC_Harness_1(~)">
              <lines>
                <line hits="1" number="21"/>
                <line hits="1" number="22"/>
                <line hits="1" number="23"/>
              </lines>
            </method>
            <method branch-rate="NaN" line-rate="1" name="MQC_Harness_2" signature="MQC_Harness_2(~)">
              <lines>
                <line hits="1" number="27"/>
              </lines>
            </method>
            <method branch-rate="NaN" line-rate="1" name="MQC_SimulationCase_1" signature="MQC_SimulationCase_1(~)">
              <lines>
                <line hits="1" number="33"/>
              </lines>
            </method>
            <method branch-rate="NaN" line-rate="1" name="MQC_TopFolder_1" signature="MQC_TopFolder_1(~)">
              <lines>
                <line hits="1" number="39"/>
              </lines>
            </method>
          </methods>
          <lines>
            <line hits="1" number="21"/>
            <line hits="1" number="22"/>
            <line hits="1" number="23"/>
            <line hits="1" number="27"/>
            <line hits="1" number="33"/>
            <line hits="1" number="39"/>
          </lines>
        </class>
        <class branch-rate="NaN" complexity="NaN" filename="Components\BEVController\Test\BEVController_runtests.m" line-rate="0" name="BEVController_runtests">
          <methods/>
          <lines>
            <line hits="0" number="7"/>
            <line hits="0" number="8"/>
            <line hits="0" number="10"/>
            <line hits="0" number="12"/>
            <line hits="0" number="13"/>
            <line hits="0" number="17"/>
            <line hits="0" number="18"/>
            <line hits="0" number="20"/>
            <line hits="0" number="22"/>
            <line hits="0" number="23"/>
            <line hits="0" number="28"/>
            <line hits="0" number="30"/>
            <line hits="0" number="31"/>
            <line hits="0" number="33"/>
            <line hits="0" number="37"/>
            <line hits="0" number="38"/>
            <line hits="0" number="39"/>
            <line hits="0" number="42"/>
            <line hits="0" number="44"/>
            <line hits="0" number="45"/>
            <line hits="0" number="46"/>
            <line hits="0" number="48"/>
            <line hits="0" number="49"/>
            <line hits="0" number="50"/>
            <line hits="0" number="52"/>
            <line hits="0" number="54"/>
            <line hits="0" number="55"/>
            <line hits="0" number="56"/>
            <line hits="0" number="58"/>
            <line hits="0" number="61"/>
            <line hits="0" number="62"/>
          </lines>
        </class>
        <class branch-rate="NaN" complexity="NaN" filename="Components\BEVController\Utility\Configuration\BEVController_useRefsub.m" line-rate="0" name="BEVController_useRefsub">
          <methods/>
          <lines>
            <line hits="0" number="8"/>
            <line hits="0" number="9"/>
            <line hits="0" number="11"/>
            <line hits="0" number="12"/>
            <line hits="0" number="13"/>
            <line hits="0" number="16"/>
            <line hits="0" number="17"/>
            <line hits="0" number="19"/>
            <line hits="0" number="20"/>
            <line hits="0" number="21"/>
            <line hits="0" number="23"/>
            <line hits="0" number="25"/>
            <line hits="0" number="26"/>
            <line hits="0" number="29"/>
            <line hits="0" number="30"/>
            <line hits="0" number="31"/>
            <line hits="0" number="32"/>
          </lines>
        </class>
        <class branch-rate="NaN" complexity="NaN" filename="Components\BEVController\Utility\Configuration\BEVController_useRefsub_Basic.m" line-rate="0" name="BEVController_useRefsub_Basic">
          <methods/>
          <lines>
            <line hits="0" number="7"/>
            <line hits="0" number="8"/>
            <line hits="0" number="9"/>
            <line hits="0" number="10"/>
            <line hits="0" number="12"/>
            <line hits="0" number="13"/>
          </lines>
        </class>
        <class branch-rate="NaN" complexity="NaN" filename="Components\BEVController\Utility\LocalTasks\BEVController_generateMarkdown.m" line-rate="0" name="BEVController_generateMarkdown">
          <methods/>
          <lines>
            <line hits="0" number="6"/>
            <line hits="0" number="7"/>
            <line hits="0" number="8"/>
            <line hits="0" number="9"/>
            <line hits="0" number="10"/>
            <line hits="0" number="11"/>
            <line hits="0" number="12"/>
            <line hits="0" number="13"/>
          </lines>
        </class>
        <class branch-rate="NaN" complexity="NaN" filename="Components\BatteryHighVoltage\BatteryHV_main_script.mlx" line-rate="NaN" name="BatteryHV_main_script">
          <methods/>
          <lines/>
        </class>
        <class branch-rate="NaN" complexity="NaN" filename="Components\BatteryHighVoltage\BatteryHV_refsub_Basic_params.m" line-rate="1" name="BatteryHV_refsub_Basic_params">
          <methods/>
          <lines>
            <line hits="17" number="12"/>
            <line hits="17" number="16"/>
            <line hits="17" number="18"/>
            <line hits="17" number="20"/>
            <line hits="17" number="21"/>
            <line hits="17" number="22"/>
            <line hits="17" number="23"/>
            <line hits="17" number="24"/>
            <line hits="17" number="26"/>
            <line hits="17" number="30"/>
            <line hits="17" number="34"/>
            <line hits="17" number="36"/>
            <line hits="17" number="37"/>
            <line hits="17" number="38"/>
            <line hits="17" number="39"/>
            <line hits="17" number="40"/>
          </lines>
        </class>
        <class branch-rate="NaN" complexity="NaN" filename="Components\BatteryHighVoltage\BatteryHV_refsub_SystemSimple_params.m" line-rate="1" name="BatteryHV_refsub_SystemSimple_params">
          <methods/>
          <lines>
            <line hits="10" number="12"/>
            <line hits="10" number="16"/>
            <line hits="10" number="18"/>
            <line hits="10" number="20"/>
            <line hits="10" number="21"/>
            <line hits="10" number="22"/>
            <line hits="10" number="23"/>
            <line hits="10" number="24"/>
            <line hits="10" number="26"/>
            <line hits="10" number="29"/>
            <line hits="10" number="30"/>
            <line hits="10" number="32"/>
            <line hits="10" number="37"/>
            <line hits="10" number="39"/>
            <line hits="10" number="40"/>
            <line hits="10" number="42"/>
            <line hits="10" number="43"/>
            <line hits="10" number="47"/>
            <line hits="10" number="49"/>
            <line hits="10" number="50"/>
            <line hits="10" number="51"/>
            <line hits="10" number="52"/>
            <line hits="10" number="53"/>
            <line hits="10" number="55"/>
            <line hits="10" number="57"/>
          </lines>
        </class>
        <class branch-rate="NaN" complexity="NaN" filename="Components\BatteryHighVoltage\BatteryHV_refsub_SystemTable_params.m" line-rate="1" name="BatteryHV_refsub_SystemTable_params">
          <methods/>
          <lines>
            <line hits="6" number="12"/>
            <line hits="6" number="19"/>
            <line hits="6" number="21"/>
            <line hits="6" number="23"/>
            <line hits="6" number="24"/>
            <line hits="6" number="25"/>
            <line hits="6" number="26"/>
            <line hits="6" number="27"/>
            <line hits="6" number="31"/>
            <line hits="6" number="33"/>
            <line hits="6" number="34"/>
            <line hits="6" number="36"/>
            <line hits="6" number="42"/>
            <line hits="6" number="43"/>
            <line hits="6" number="46"/>
            <line hits="6" number="51"/>
            <line hits="6" number="52"/>
            <line hits="6" number="53"/>
            <line hits="6" number="54"/>
            <line hits="6" number="55"/>
            <line hits="6" number="60"/>
            <line hits="6" number="61"/>
            <line hits="6" number="62"/>
            <line hits="6" number="63"/>
            <line hits="6" number="64"/>
            <line hits="6" number="70"/>
            <line hits="6" number="72"/>
            <line hits="6" number="73"/>
            <line hits="6" number="74"/>
            <line hits="6" number="77"/>
            <line hits="6" number="80"/>
            <line hits="6" number="85"/>
            <line hits="6" number="86"/>
            <line hits="6" number="87"/>
            <line hits="6" number="89"/>
            <line hits="6" number="90"/>
            <line hits="6" number="94"/>
            <line hits="6" number="95"/>
            <line hits="6" number="97"/>
            <line hits="6" number="98"/>
            <line hits="6" number="99"/>
            <line hits="6" number="100"/>
            <line hits="6" number="101"/>
            <line hits="6" number="103"/>
            <line hits="6" number="105"/>
          </lines>
        </class>
        <class branch-rate="NaN" complexity="NaN" filename="Components\BatteryHighVoltage\BatteryHV_refsub_System_params.m" line-rate="1" name="BatteryHV_refsub_System_params">
          <methods/>
          <lines>
            <line hits="7" number="12"/>
            <line hits="7" number="16"/>
            <line hits="7" number="18"/>
            <line hits="7" number="20"/>
            <line hits="7" number="21"/>
            <line hits="7" number="22"/>
            <line hits="7" number="23"/>
            <line hits="7" number="24"/>
            <line hits="7" number="26"/>
            <line hits="7" number="28"/>
            <line hits="7" number="31"/>
            <line hits="7" number="32"/>
            <line hits="7" number="37"/>
            <line hits="7" number="38"/>
            <line hits="7" number="39"/>
            <line hits="7" number="40"/>
            <line hits="7" number="41"/>
            <line hits="7" number="46"/>
            <line hits="7" number="48"/>
            <line hits="7" number="49"/>
            <line hits="7" number="51"/>
            <line hits="7" number="52"/>
            <line hits="7" number="56"/>
            <line hits="7" number="58"/>
            <line hits="7" number="59"/>
            <line hits="7" number="60"/>
            <line hits="7" number="61"/>
            <line hits="7" number="62"/>
            <line hits="7" number="64"/>
            <line hits="7" number="66"/>
          </lines>
        </class>
        <class branch-rate="NaN" complexity="NaN" filename="Components\BatteryHighVoltage\Harness\BatteryHV_harness_setup.m" line-rate="1" name="BatteryHV_harness_setup">
          <methods/>
          <lines>
            <line hits="38" number="17"/>
            <line hits="38" number="28"/>
            <line hits="38" number="30"/>
            <line hits="38" number="32"/>
            <line hits="38" number="33"/>
            <line hits="38" number="34"/>
            <line hits="38" number="35"/>
            <line hits="38" number="36"/>
            <line hits="38" number="40"/>
            <line hits="38" number="48"/>
            <line hits="38" number="49"/>
            <line hits="38" number="53"/>
            <line hits="38" number="62"/>
            <line hits="38" number="63"/>
            <line hits="38" number="64"/>
            <line hits="38" number="65"/>
            <line hits="38" number="66"/>
            <line hits="38" number="72"/>
            <line hits="38" number="73"/>
            <line hits="38" number="74"/>
            <line hits="38" number="81"/>
            <line hits="38" number="82"/>
            <line hits="38" number="85"/>
            <line hits="38" number="91"/>
            <line hits="38" number="92"/>
            <line hits="38" number="93"/>
            <line hits="38" number="94"/>
            <line hits="38" number="95"/>
            <line hits="38" number="100"/>
            <line hits="38" number="101"/>
            <line hits="38" number="102"/>
            <line hits="38" number="103"/>
            <line hits="38" number="104"/>
            <line hits="38" number="110"/>
            <line hits="38" number="112"/>
            <line hits="38" number="113"/>
            <line hits="38" number="114"/>
            <line hits="38" number="118"/>
            <line hits="38" number="122"/>
            <line hits="38" number="127"/>
            <line hits="38" number="129"/>
            <line hits="38" number="130"/>
            <line hits="38" number="132"/>
            <line hits="38" number="133"/>
            <line hits="38" number="137"/>
            <line hits="38" number="138"/>
            <line hits="38" number="140"/>
            <line hits="38" number="141"/>
            <line hits="38" number="142"/>
            <line hits="38" number="143"/>
            <line hits="38" number="144"/>
            <line hits="38" number="146"/>
            <line hits="38" number="148"/>
          </lines>
        </class>
        <class branch-rate="NaN" complexity="NaN" filename="Components\BatteryHighVoltage\Model-TableBased\BatteryHV_Table_buildParameters.mlx" line-rate="1" name="BatteryHV_Table_buildParameters">
          <methods/>
          <lines>
            <line hits="1" number="3"/>
            <line hits="1" number="4"/>
            <line hits="1" number="5"/>
            <line hits="1" number="6"/>
            <line hits="1" number="7"/>
            <line hits="1" number="10"/>
            <line hits="1" number="11"/>
            <line hits="1" number="12"/>
            <line hits="1" number="13"/>
            <line hits="1" number="14"/>
          </lines>
        </class>
        <class branch-rate="NaN" complexity="NaN" filename="Components\BatteryHighVoltage\Model-TableBased\BatteryHV_Table_visualizeParameters.mlx" line-rate="1" name="BatteryHV_Table_visualizeParameters">
          <methods/>
          <lines>
            <line hits="1" number="2"/>
            <line hits="1" number="4"/>
            <line hits="1" number="5"/>
            <line hits="1" number="6"/>
            <line hits="1" number="7"/>
            <line hits="1" number="10"/>
            <line hits="1" number="11"/>
            <line hits="1" number="14"/>
            <line hits="1" number="15"/>
            <line hits="1" number="16"/>
            <line hits="1" number="19"/>
            <line hits="1" number="20"/>
            <line hits="1" number="23"/>
            <line hits="1" number="24"/>
            <line hits="1" number="25"/>
            <line hits="1" number="26"/>
            <line hits="1" number="27"/>
            <line hits="1" number="28"/>
            <line hits="1" number="29"/>
            <line hits="3" number="30"/>
            <line hits="1" number="32"/>
            <line hits="1" number="33"/>
            <line hits="1" number="34"/>
            <line hits="1" number="35"/>
            <line hits="1" number="36"/>
            <line hits="1" number="37"/>
            <line hits="1" number="38"/>
            <line hits="1" number="39"/>
            <line hits="1" number="40"/>
            <line hits="1" number="41"/>
            <line hits="3" number="42"/>
            <line hits="1" number="44"/>
            <line hits="1" number="45"/>
            <line hits="1" number="46"/>
            <line hits="1" number="47"/>
            <line hits="1" number="48"/>
          </lines>
        </class>
        <class branch-rate="NaN" complexity="NaN" filename="Components\BatteryHighVoltage\SimulationCases\BatteryHV_Case_Charge.mlx" line-rate="1" name="BatteryHV_Case_Charge">
          <methods/>
          <lines>
            <line hits="1" number="1"/>
            <line hits="1" number="2"/>
            <line hits="1" number="5"/>
            <line hits="1" number="9"/>
            <line hits="1" number="11"/>
            <line hits="1" number="12"/>
            <line hits="1" number="13"/>
            <line hits="1" number="14"/>
            <line hits="1" number="16"/>
            <line hits="1" number="20"/>
            <line hits="1" number="21"/>
          </lines>
        </class>
        <class branch-rate="NaN" complexity="NaN" filename="Components\BatteryHighVoltage\SimulationCases\BatteryHV_Case_Constant.mlx" line-rate="1" name="BatteryHV_Case_Constant">
          <methods/>
          <lines>
            <line hits="1" number="1"/>
            <line hits="1" number="2"/>
            <line hits="1" number="5"/>
            <line hits="1" number="9"/>
            <line hits="1" number="11"/>
            <line hits="1" number="12"/>
            <line hits="1" number="14"/>
            <line hits="1" number="18"/>
            <line hits="1" number="19"/>
          </lines>
        </class>
        <class branch-rate="NaN" complexity="NaN" filename="Components\BatteryHighVoltage\SimulationCases\BatteryHV_Case_Discharge.mlx" line-rate="1" name="BatteryHV_Case_Discharge">
          <methods/>
          <lines>
            <line hits="1" number="1"/>
            <line hits="1" number="2"/>
            <line hits="1" number="5"/>
            <line hits="1" number="9"/>
            <line hits="1" number="11"/>
            <line hits="1" number="12"/>
            <line hits="1" number="13"/>
            <line hits="1" number="14"/>
            <line hits="1" number="16"/>
            <line hits="1" number="20"/>
            <line hits="1" number="21"/>
          </lines>
        </class>
        <class branch-rate="NaN" complexity="NaN" filename="Components\BatteryHighVoltage\SimulationCases\BatteryHV_Case_Random.mlx" line-rate="1" name="BatteryHV_Case_Random">
          <methods/>
          <lines>
            <line hits="1" number="1"/>
            <line hits="1" number="2"/>
            <line hits="1" number="5"/>
            <line hits="1" number="9"/>
            <line hits="1" number="11"/>
            <line hits="1" number="12"/>
            <line hits="1" number="13"/>
            <line hits="1" number="14"/>
            <line hits="1" number="16"/>
            <line hits="1" number="20"/>
            <line hits="1" number="21"/>
          </lines>
        </class>
        <class branch-rate="NaN" complexity="NaN" filename="Components\BatteryHighVoltage\SimulationCases\BatteryHV_Case_test.m" line-rate="0" name="BatteryHV_Case_test">
          <methods>
            <method branch-rate="NaN" line-rate="0" name="MQC_Charge_1" signature="MQC_Charge_1(~)">
              <lines>
                <line hits="0" number="28"/>
              </lines>
            </method>
            <method branch-rate="NaN" line-rate="0" name="MQC_Constant_1" signature="MQC_Constant_1(~)">
              <lines>
                <line hits="0" number="32"/>
              </lines>
            </method>
            <method branch-rate="NaN" line-rate="0" name="MQC_Discharge_1" signature="MQC_Discharge_1(~)">
              <lines>
                <line hits="0" number="36"/>
              </lines>
            </method>
            <method branch-rate="NaN" line-rate="0" name="MQC_Random_1" signature="MQC_Random_1(~)">
              <lines>
                <line hits="0" number="40"/>
              </lines>
            </method>
            <method branch-rate="NaN" line-rate="0" name="TestSetup" signature="TestSetup(testcase)">
              <lines>
                <line hits="0" number="51"/>
                <line hits="0" number="52"/>
                <line hits="0" number="58"/>
                <line hits="0" number="61"/>
                <line hits="0" number="62"/>
              </lines>
            </method>
          </methods>
          <lines>
            <line hits="0" number="28"/>
            <line hits="0" number="32"/>
            <line hits="0" number="36"/>
            <line hits="0" number="40"/>
            <line hits="0" number="51"/>
            <line hits="0" number="52"/>
            <line hits="0" number="58"/>
            <line hits="0" number="61"/>
            <line hits="0" number="62"/>
          </lines>
        </class>
        <class branch-rate="NaN" complexity="NaN" filename="Components\BatteryHighVoltage\Test\BatteryHV_UnitTest.m" line-rate="1" name="BatteryHV_UnitTest">
          <methods>
            <method branch-rate="NaN" line-rate="1" name="blockParameters_BatteryHV_Basic" signature="blockParameters_BatteryHV_Basic(testCase)">
              <lines>
                <line hits="1" number="16"/>
                <line hits="1" number="17"/>
                <line hits="1" number="18"/>
                <line hits="1" number="20"/>
                <line hits="1" number="21"/>
                <line hits="1" number="23"/>
                <line hits="1" number="24"/>
                <line hits="1" number="25"/>
                <line hits="1" number="26"/>
                <line hits="1" number="28"/>
                <line hits="1" number="29"/>
                <line hits="1" number="31"/>
                <line hits="1" number="32"/>
                <line hits="1" number="33"/>
                <line hits="1" number="35"/>
                <line hits="1" number="36"/>
                <line hits="1" number="38"/>
                <line hits="1" number="39"/>
              </lines>
            </method>
            <method branch-rate="NaN" line-rate="1" name="blockParameters_BatteryHV_Driveline" signature="blockParameters_BatteryHV_Driveline(testCase)">
              <lines>
                <line hits="1" number="46"/>
                <line hits="1" number="47"/>
                <line hits="1" number="48"/>
                <line hits="1" number="50"/>
                <line hits="1" number="52"/>
                <line hits="1" number="53"/>
                <line hits="1" number="54"/>
                <line hits="1" number="55"/>
                <line hits="1" number="56"/>
                <line hits="1" number="57"/>
                <line hits="1" number="58"/>
                <line hits="1" number="60"/>
                <line hits="1" number="61"/>
                <line hits="1" number="63"/>
                <line hits="1" number="64"/>
                <line hits="1" number="65"/>
                <line hits="1" number="66"/>
                <line hits="1" number="67"/>
                <line hits="1" number="68"/>
                <line hits="1" number="69"/>
                <line hits="1" number="70"/>
                <line hits="1" number="72"/>
                <line hits="1" number="73"/>
                <line hits="1" number="74"/>
                <line hits="1" number="75"/>
                <line hits="1" number="76"/>
                <line hits="1" number="78"/>
                <line hits="1" number="79"/>
                <line hits="1" number="80"/>
                <line hits="1" number="81"/>
                <line hits="1" number="82"/>
                <line hits="1" number="83"/>
                <line hits="1" number="85"/>
                <line hits="1" number="86"/>
                <line hits="1" number="88"/>
                <line hits="1" number="89"/>
                <line hits="1" number="90"/>
                <line hits="1" number="92"/>
                <line hits="1" number="93"/>
                <line hits="1" number="95"/>
                <line hits="1" number="96"/>
              </lines>
            </method>
            <method branch-rate="NaN" line-rate="1" name="blockParameters_BatteryHV_Electrical" signature="blockParameters_BatteryHV_Electrical(testCase)">
              <lines>
                <line hits="1" number="103"/>
                <line hits="1" number="104"/>
                <line hits="1" number="105"/>
                <line hits="1" number="107"/>
                <line hits="1" number="109"/>
                <line hits="1" number="110"/>
                <line hits="1" number="111"/>
                <line hits="1" number="112"/>
                <line hits="1" number="113"/>
                <line hits="1" number="114"/>
                <line hits="1" number="115"/>
                <line hits="1" number="116"/>
                <line hits="1" number="117"/>
                <line hits="1" number="119"/>
                <line hits="1" number="121"/>
                <line hits="1" number="123"/>
                <line hits="1" number="125"/>
                <line hits="1" number="126"/>
                <line hits="1" number="127"/>
                <line hits="1" number="128"/>
                <line hits="1" number="130"/>
                <line hits="1" number="132"/>
                <line hits="1" number="133"/>
                <line hits="1" number="134"/>
                <line hits="1" number="135"/>
                <line hits="1" number="136"/>
                <line hits="1" number="137"/>
                <line hits="1" number="138"/>
                <line hits="1" number="139"/>
                <line hits="1" number="140"/>
                <line hits="1" number="142"/>
                <line hits="1" number="143"/>
                <line hits="1" number="144"/>
                <line hits="1" number="145"/>
                <line hits="1" number="146"/>
                <line hits="1" number="148"/>
                <line hits="1" number="149"/>
                <line hits="1" number="150"/>
                <line hits="1" number="151"/>
                <line hits="1" number="152"/>
                <line hits="1" number="153"/>
                <line hits="1" number="155"/>
                <line hits="1" number="156"/>
                <line hits="1" number="158"/>
                <line hits="1" number="159"/>
                <line hits="1" number="160"/>
                <line hits="1" number="162"/>
                <line hits="1" number="163"/>
                <line hits="1" number="165"/>
                <line hits="1" number="166"/>
              </lines>
            </method>
          </methods>
          <lines>
            <line hits="1" number="16"/>
            <line hits="1" number="17"/>
            <line hits="1" number="18"/>
            <line hits="1" number="20"/>
            <line hits="1" number="21"/>
            <line hits="1" number="23"/>
            <line hits="1" number="24"/>
            <line hits="1" number="25"/>
            <line hits="1" number="26"/>
            <line hits="1" number="28"/>
            <line hits="1" number="29"/>
            <line hits="1" number="31"/>
            <line hits="1" number="32"/>
            <line hits="1" number="33"/>
            <line hits="1" number="35"/>
            <line hits="1" number="36"/>
            <line hits="1" number="38"/>
            <line hits="1" number="39"/>
            <line hits="1" number="46"/>
            <line hits="1" number="47"/>
            <line hits="1" number="48"/>
            <line hits="1" number="50"/>
            <line hits="1" number="52"/>
            <line hits="1" number="53"/>
            <line hits="1" number="54"/>
            <line hits="1" number="55"/>
            <line hits="1" number="56"/>
            <line hits="1" number="57"/>
            <line hits="1" number="58"/>
            <line hits="1" number="60"/>
            <line hits="1" number="61"/>
            <line hits="1" number="63"/>
            <line hits="1" number="64"/>
            <line hits="1" number="65"/>
            <line hits="1" number="66"/>
            <line hits="1" number="67"/>
            <line hits="1" number="68"/>
            <line hits="1" number="69"/>
            <line hits="1" number="70"/>
            <line hits="1" number="72"/>
            <line hits="1" number="73"/>
            <line hits="1" number="74"/>
            <line hits="1" number="75"/>
            <line hits="1" number="76"/>
            <line hits="1" number="78"/>
            <line hits="1" number="79"/>
            <line hits="1" number="80"/>
            <line hits="1" number="81"/>
            <line hits="1" number="82"/>
            <line hits="1" number="83"/>
            <line hits="1" number="85"/>
            <line hits="1" number="86"/>
            <line hits="1" number="88"/>
            <line hits="1" number="89"/>
            <line hits="1" number="90"/>
            <line hits="1" number="92"/>
            <line hits="1" number="93"/>
            <line hits="1" number="95"/>
            <line hits="1" number="96"/>
            <line hits="1" number="103"/>
            <line hits="1" number="104"/>
            <line hits="1" number="105"/>
            <line hits="1" number="107"/>
            <line hits="1" number="109"/>
            <line hits="1" number="110"/>
            <line hits="1" number="111"/>
            <line hits="1" number="112"/>
            <line hits="1" number="113"/>
            <line hits="1" number="114"/>
            <line hits="1" number="115"/>
            <line hits="1" number="116"/>
            <line hits="1" number="117"/>
            <line hits="1" number="119"/>
            <line hits="1" number="121"/>
            <line hits="1" number="123"/>
            <line hits="1" number="125"/>
            <line hits="1" number="126"/>
            <line hits="1" number="127"/>
            <line hits="1" number="128"/>
            <line hits="1" number="130"/>
            <line hits="1" number="132"/>
            <line hits="1" number="133"/>
            <line hits="1" number="134"/>
            <line hits="1" number="135"/>
            <line hits="1" number="136"/>
            <line hits="1" number="137"/>
            <line hits="1" number="138"/>
            <line hits="1" number="139"/>
            <line hits="1" number="140"/>
            <line hits="1" number="142"/>
            <line hits="1" number="143"/>
            <line hits="1" number="144"/>
            <line hits="1" number="145"/>
            <line hits="1" number="146"/>
            <line hits="1" number="148"/>
            <line hits="1" number="149"/>
            <line hits="1" number="150"/>
            <line hits="1" number="151"/>
            <line hits="1" number="152"/>
            <line hits="1" number="153"/>
            <line hits="1" number="155"/>
            <line hits="1" number="156"/>
            <line hits="1" number="158"/>
            <line hits="1" number="159"/>
            <line hits="1" number="160"/>
            <line hits="1" number="162"/>
            <line hits="1" number="163"/>
            <line hits="1" number="165"/>
            <line hits="1" number="166"/>
          </lines>
        </class>
        <class branch-rate="NaN" complexity="NaN" filename="Components\BatteryHighVoltage\Test\BatteryHV_UnitTest_MQC.m" line-rate="1" name="BatteryHV_UnitTest_MQC">
          <methods>
            <method branch-rate="NaN" line-rate="1" name="MQC_Harness_combination_1" signature="MQC_Harness_combination_1(~, useRefSubFunction, loadSimulationCaseFunction)">
              <lines>
                <line hits="12" number="34"/>
                <line hits="12" number="35"/>
                <line hits="12" number="36"/>
                <line hits="12" number="37"/>
                <line hits="12" number="38"/>
              </lines>
            </method>
            <method branch-rate="NaN" line-rate="1" name="MQC_Harness_2" signature="MQC_Harness_2(~)">
              <lines>
                <line hits="1" number="49"/>
                <line hits="1" number="50"/>
                <line hits="1" number="51"/>
                <line hits="1" number="52"/>
                <line hits="1" number="53"/>
                <line hits="1" number="54"/>
                <line hits="1" number="55"/>
              </lines>
            </method>
            <method branch-rate="NaN" line-rate="1" name="MQC_Harness_3" signature="MQC_Harness_3(~)">
              <lines>
                <line hits="1" number="59"/>
                <line hits="1" number="60"/>
                <line hits="1" number="61"/>
                <line hits="1" number="62"/>
                <line hits="1" number="63"/>
                <line hits="1" number="64"/>
                <line hits="1" number="65"/>
              </lines>
            </method>
            <method branch-rate="NaN" line-rate="1" name="MQC_Harness_4" signature="MQC_Harness_4(~)">
              <lines>
                <line hits="1" number="69"/>
                <line hits="1" number="70"/>
                <line hits="1" number="71"/>
                <line hits="1" number="72"/>
                <line hits="1" number="73"/>
                <line hits="1" number="74"/>
                <line hits="1" number="75"/>
                <line hits="1" number="76"/>
              </lines>
            </method>
            <method branch-rate="NaN" line-rate="1" name="MQC_Model_TableBased_1" signature="MQC_Model_TableBased_1(~)">
              <lines>
                <line hits="1" number="82"/>
              </lines>
            </method>
            <method branch-rate="NaN" line-rate="1" name="MQC_Model_TableBased_2" signature="MQC_Model_TableBased_2(~)">
              <lines>
                <line hits="1" number="86"/>
              </lines>
            </method>
            <method branch-rate="NaN" line-rate="1" name="MQC_SimulationCase_1" signature="MQC_SimulationCase_1(~)">
              <lines>
                <line hits="1" number="92"/>
              </lines>
            </method>
            <method branch-rate="NaN" line-rate="1" name="MQC_SimulationCase_2" signature="MQC_SimulationCase_2(~)">
              <lines>
                <line hits="1" number="96"/>
              </lines>
            </method>
            <method branch-rate="NaN" line-rate="1" name="MQC_SimulationCase_3" signature="MQC_SimulationCase_3(~)">
              <lines>
                <line hits="1" number="100"/>
              </lines>
            </method>
            <method branch-rate="NaN" line-rate="1" name="MQC_SimulationCase_4" signature="MQC_SimulationCase_4(~)">
              <lines>
                <line hits="1" number="104"/>
              </lines>
            </method>
            <method branch-rate="NaN" line-rate="1" name="MQC_Configuration_1" signature="MQC_Configuration_1(~)">
              <lines>
                <line hits="1" number="110"/>
                <line hits="1" number="111"/>
              </lines>
            </method>
            <method branch-rate="NaN" line-rate="1" name="MQC_Configuration_2" signature="MQC_Configuration_2(~)">
              <lines>
                <line hits="1" number="115"/>
                <line hits="1" number="116"/>
              </lines>
            </method>
            <method branch-rate="NaN" line-rate="1" name="MQC_Configuration_3" signature="MQC_Configuration_3(~)">
              <lines>
                <line hits="1" number="120"/>
                <line hits="1" number="121"/>
              </lines>
            </method>
            <method branch-rate="NaN" line-rate="1" name="MQC_Configuration_4" signature="MQC_Configuration_4(~)">
              <lines>
                <line hits="1" number="125"/>
                <line hits="1" number="126"/>
              </lines>
            </method>
            <method branch-rate="NaN" line-rate="1" name="MQC_Configuration_5" signature="MQC_Configuration_5(~)">
              <lines>
                <line hits="1" number="130"/>
                <line hits="1" number="131"/>
              </lines>
            </method>
            <method branch-rate="NaN" line-rate="1" name="MQC_Configuration_6" signature="MQC_Configuration_6(~)">
              <lines>
                <line hits="1" number="135"/>
              </lines>
            </method>
            <method branch-rate="NaN" line-rate="1" name="MQC_Configuration_7" signature="MQC_Configuration_7(~)">
              <lines>
                <line hits="1" number="139"/>
                <line hits="1" number="140"/>
              </lines>
            </method>
            <method branch-rate="NaN" line-rate="1" name="MQC_Configuration_8" signature="MQC_Configuration_8(~)">
              <lines>
                <line hits="1" number="144"/>
                <line hits="1" number="145"/>
              </lines>
            </method>
            <method branch-rate="NaN" line-rate="1" name="MQC_Configuration_9" signature="MQC_Configuration_9(~)">
              <lines>
                <line hits="1" number="149"/>
                <line hits="1" number="150"/>
              </lines>
            </method>
            <method branch-rate="NaN" line-rate="1" name="MQC_Configuration_10" signature="MQC_Configuration_10(~)">
              <lines>
                <line hits="1" number="154"/>
                <line hits="1" number="155"/>
              </lines>
            </method>
            <method branch-rate="NaN" line-rate="1" name="MQC_Configuration_11" signature="MQC_Configuration_11(~)">
              <lines>
                <line hits="1" number="159"/>
                <line hits="1" number="160"/>
              </lines>
            </method>
            <method branch-rate="NaN" line-rate="1" name="MQC_Utility_1" signature="MQC_Utility_1(~)">
              <lines>
                <line hits="1" number="172"/>
              </lines>
            </method>
            <method branch-rate="NaN" line-rate="1" name="MQC_Utility_2" signature="MQC_Utility_2(~)">
              <lines>
                <line hits="1" number="176"/>
              </lines>
            </method>
            <method branch-rate="NaN" line-rate="1" name="MQC_Utility_3" signature="MQC_Utility_3(testCase)">
              <lines>
                <line hits="1" number="182"/>
                <line hits="1" number="183"/>
                <line hits="1" number="184"/>
                <line hits="1" number="189"/>
              </lines>
            </method>
            <method branch-rate="NaN" line-rate="1" name="MQC_Utility_4" signature="MQC_Utility_4(~)">
              <lines>
                <line hits="1" number="195"/>
                <line hits="1" number="196"/>
              </lines>
            </method>
            <method branch-rate="NaN" line-rate="1" name="MQC_Utility_5" signature="MQC_Utility_5(~)">
              <lines>
                <line hits="1" number="200"/>
                <line hits="1" number="201"/>
                <line hits="1" number="202"/>
                <line hits="1" number="203"/>
                <line hits="1" number="205"/>
              </lines>
            </method>
            <method branch-rate="NaN" line-rate="1" name="MQC_TopFolder_1" signature="MQC_TopFolder_1(~)">
              <lines>
                <line hits="1" number="211"/>
              </lines>
            </method>
            <method branch-rate="NaN" line-rate="1" name="MQC_TopFolder_2" signature="MQC_TopFolder_2(~)">
              <lines>
                <line hits="1" number="215"/>
              </lines>
            </method>
            <method branch-rate="NaN" line-rate="1" name="MQC_TopFolder_3" signature="MQC_TopFolder_3(~)">
              <lines>
                <line hits="1" number="219"/>
              </lines>
            </method>
            <method branch-rate="NaN" line-rate="1" name="MQC_TopFolder_4" signature="MQC_TopFolder_4(~)">
              <lines>
                <line hits="1" number="223"/>
              </lines>
            </method>
            <method branch-rate="NaN" line-rate="1" name="MQC_TopFolder_5" signature="MQC_TopFolder_5(~)">
              <lines>
                <line hits="1" number="227"/>
              </lines>
            </method>
            <method branch-rate="NaN" line-rate="1" name="buildFilesFoldersList" signature="buildFilesFoldersList(testCase)">
              <lines>
                <line hits="1" number="240"/>
                <line hits="1" number="241"/>
                <line hits="1" number="242"/>
                <line hits="1" number="244"/>
                <line hits="1" number="245"/>
              </lines>
            </method>
            <method branch-rate="NaN" line-rate="1" name="MQC_CallbackButtons_1" signature="MQC_CallbackButtons_1(testCase)">
              <lines>
                <line hits="1" number="251"/>
                <line hits="1" number="252"/>
                <line hits="1" number="253"/>
              </lines>
            </method>
          </methods>
          <lines>
            <line hits="12" number="34"/>
            <line hits="12" number="35"/>
            <line hits="12" number="36"/>
            <line hits="12" number="37"/>
            <line hits="12" number="38"/>
            <line hits="1" number="49"/>
            <line hits="1" number="50"/>
            <line hits="1" number="51"/>
            <line hits="1" number="52"/>
            <line hits="1" number="53"/>
            <line hits="1" number="54"/>
            <line hits="1" number="55"/>
            <line hits="1" number="59"/>
            <line hits="1" number="60"/>
            <line hits="1" number="61"/>
            <line hits="1" number="62"/>
            <line hits="1" number="63"/>
            <line hits="1" number="64"/>
            <line hits="1" number="65"/>
            <line hits="1" number="69"/>
            <line hits="1" number="70"/>
            <line hits="1" number="71"/>
            <line hits="1" number="72"/>
            <line hits="1" number="73"/>
            <line hits="1" number="74"/>
            <line hits="1" number="75"/>
            <line hits="1" number="76"/>
            <line hits="1" number="82"/>
            <line hits="1" number="86"/>
            <line hits="1" number="92"/>
            <line hits="1" number="96"/>
            <line hits="1" number="100"/>
            <line hits="1" number="104"/>
            <line hits="1" number="110"/>
            <line hits="1" number="111"/>
            <line hits="1" number="115"/>
            <line hits="1" number="116"/>
[...]
            <line hits="19" number="49"/>
            <line hits="19" number="50"/>
            <line hits="19" number="52"/>
            <line hits="19" number="54"/>
            <line hits="0" number="55"/>
          </lines>
        </class>
        <class branch-rate="NaN" complexity="NaN" filename="Utility\LiteAppAPI-v2-R2023b\+LiteAppComponent\Table.m" line-rate="0" name="LiteAppComponent.Table">
          <methods>
            <method branch-rate="NaN" line-rate="0" name="setup" signature="setup(component)">
              <lines>
                <line hits="0" number="26"/>
                <line hits="0" number="28"/>
                <line hits="0" number="29"/>
                <line hits="0" number="30"/>
                <line hits="0" number="31"/>
                <line hits="0" number="32"/>
                <line hits="0" number="33"/>
                <line hits="0" number="34"/>
                <line hits="0" number="37"/>
                <line hits="0" number="38"/>
                <line hits="0" number="39"/>
                <line hits="0" number="40"/>
                <line hits="0" number="45"/>
              </lines>
            </method>
            <method branch-rate="NaN" line-rate="0" name="update" signature="update(component)">
              <lines>
                <line hits="0" number="51"/>
                <line hits="0" number="53"/>
                <line hits="0" number="54"/>
                <line hits="0" number="56"/>
                <line hits="0" number="57"/>
              </lines>
            </method>
          </methods>
          <lines>
            <line hits="0" number="26"/>
            <line hits="0" number="28"/>
            <line hits="0" number="29"/>
            <line hits="0" number="30"/>
            <line hits="0" number="31"/>
            <line hits="0" number="32"/>
            <line hits="0" number="33"/>
            <line hits="0" number="34"/>
            <line hits="0" number="37"/>
            <line hits="0" number="38"/>
            <line hits="0" number="39"/>
            <line hits="0" number="40"/>
            <line hits="0" number="45"/>
            <line hits="0" number="51"/>
            <line hits="0" number="53"/>
            <line hits="0" number="54"/>
            <line hits="0" number="56"/>
            <line hits="0" number="57"/>
          </lines>
        </class>
        <class branch-rate="NaN" complexity="NaN" filename="Utility\LiteAppAPI-v2-R2023b\+LiteAppComponent\TextArea.m" line-rate="0" name="LiteAppComponent.TextArea">
          <methods>
            <method branch-rate="NaN" line-rate="0" name="setup" signature="setup(component)">
              <lines>
                <line hits="0" number="42"/>
                <line hits="0" number="44"/>
                <line hits="0" number="45"/>
                <line hits="0" number="46"/>
                <line hits="0" number="47"/>
                <line hits="0" number="48"/>
                <line hits="0" number="49"/>
                <line hits="0" number="50"/>
                <line hits="0" number="53"/>
                <line hits="0" number="54"/>
                <line hits="0" number="55"/>
                <line hits="0" number="56"/>
                <line hits="0" number="57"/>
                <line hits="0" number="58"/>
                <line hits="0" number="59"/>
                <line hits="0" number="60"/>
                <line hits="0" number="61"/>
                <line hits="0" number="66"/>
              </lines>
            </method>
            <method branch-rate="NaN" line-rate="0" name="update" signature="update(component)">
              <lines>
                <line hits="0" number="72"/>
                <line hits="0" number="74"/>
                <line hits="0" number="75"/>
                <line hits="0" number="77"/>
                <line hits="0" number="78"/>
                <line hits="0" number="80"/>
                <line hits="0" number="83"/>
                <line hits="0" number="84"/>
              </lines>
            </method>
            <method branch-rate="NaN" line-rate="0" name="get.ValueString" signature="x = get.ValueString(component)">
              <lines>
                <line hits="0" number="99"/>
              </lines>
            </method>
            <method branch-rate="NaN" line-rate="0" name="set.ValueString" signature="set.ValueString(component, x)">
              <lines>
                <line hits="0" number="107"/>
                <line hits="0" number="110"/>
              </lines>
            </method>
            <method branch-rate="NaN" line-rate="0" name="textareaValueChanged" signature="textareaValueChanged(component)">
              <lines>
                <line hits="0" number="123"/>
                <line hits="0" number="124"/>
                <line hits="0" number="125"/>
                <line hits="0" number="128"/>
              </lines>
            </method>
          </methods>
          <lines>
            <line hits="0" number="42"/>
            <line hits="0" number="44"/>
            <line hits="0" number="45"/>
            <line hits="0" number="46"/>
            <line hits="0" number="47"/>
            <line hits="0" number="48"/>
            <line hits="0" number="49"/>
            <line hits="0" number="50"/>
            <line hits="0" number="53"/>
            <line hits="0" number="54"/>
            <line hits="0" number="55"/>
            <line hits="0" number="56"/>
            <line hits="0" number="57"/>
            <line hits="0" number="58"/>
            <line hits="0" number="59"/>
            <line hits="0" number="60"/>
            <line hits="0" number="61"/>
            <line hits="0" number="66"/>
            <line hits="0" number="72"/>
            <line hits="0" number="74"/>
            <line hits="0" number="75"/>
            <line hits="0" number="77"/>
            <line hits="0" number="78"/>
            <line hits="0" number="80"/>
            <line hits="0" number="83"/>
            <line hits="0" number="84"/>
            <line hits="0" number="99"/>
            <line hits="0" number="107"/>
            <line hits="0" number="110"/>
            <line hits="0" number="123"/>
            <line hits="0" number="124"/>
            <line hits="0" number="125"/>
            <line hits="0" number="128"/>
          </lines>
        </class>
      </classes>
    </package>
    <package branch-rate="NaN" complexity="NaN" line-rate="0.35821" name="LiteAppUtility">
      <classes>
        <class branch-rate="NaN" complexity="NaN" filename="Utility\LiteAppAPI-v2-R2023b\+LiteAppUtility\Constant.m" line-rate="NaN" name="LiteAppUtility.Constant">
          <methods/>
          <lines/>
        </class>
        <class branch-rate="NaN" complexity="NaN" filename="Utility\LiteAppAPI-v2-R2023b\+LiteAppUtility\FindFolderPaths.m" line-rate="0" name="LiteAppUtility.FindFolderPaths">
          <methods/>
          <lines>
            <line hits="0" number="11"/>
            <line hits="0" number="13"/>
            <line hits="0" number="14"/>
            <line hits="0" number="15"/>
            <line hits="0" number="19"/>
            <line hits="0" number="20"/>
            <line hits="0" number="21"/>
            <line hits="0" number="22"/>
            <line hits="0" number="24"/>
            <line hits="0" number="26"/>
          </lines>
        </class>
        <class branch-rate="NaN" complexity="NaN" filename="Utility\LiteAppAPI-v2-R2023b\+LiteAppUtility\GetFileFolderPath.m" line-rate="0.55172" name="LiteAppUtility.GetFileFolderPath">
          <methods/>
          <lines>
            <line hits="7" number="17"/>
            <line hits="7" number="18"/>
            <line hits="7" number="21"/>
            <line hits="7" number="23"/>
            <line hits="7" number="24"/>
            <line hits="7" number="25"/>
            <line hits="7" number="26"/>
            <line hits="7" number="28"/>
            <line hits="0" number="29"/>
            <line hits="0" number="30"/>
            <line hits="0" number="32"/>
            <line hits="0" number="34"/>
            <line hits="0" number="35"/>
            <line hits="7" number="39"/>
            <line hits="7" number="41"/>
            <line hits="0" number="42"/>
            <line hits="7" number="46"/>
            <line hits="7" number="48"/>
            <line hits="0" number="49"/>
            <line hits="0" number="50"/>
            <line hits="0" number="51"/>
            <line hits="7" number="53"/>
            <line hits="7" number="56"/>
            <line hits="7" number="57"/>
            <line hits="7" number="58"/>
            <line hits="0" number="63"/>
            <line hits="0" number="64"/>
            <line hits="0" number="65"/>
            <line hits="0" number="66"/>
          </lines>
        </class>
        <class branch-rate="NaN" complexity="NaN" filename="Utility\LiteAppAPI-v2-R2023b\+LiteAppUtility\mustBeFunctionHandle.m" line-rate="0" name="LiteAppUtility.mustBeFunctionHandle">
          <methods/>
          <lines>
            <line hits="0" number="5"/>
            <line hits="0" number="6"/>
            <line hits="0" number="7"/>
            <line hits="0" number="8"/>
          </lines>
        </class>
        <class branch-rate="NaN" complexity="NaN" filename="Utility\LiteAppAPI-v2-R2023b\+LiteAppUtility\mustBeFunctionHandleOrEmpty.m" line-rate="0.25" name="LiteAppUtility.mustBeFunctionHandleOrEmpty">
          <methods/>
          <lines>
            <line hits="149" number="5"/>
            <line hits="0" number="6"/>
            <line hits="0" number="7"/>
            <line hits="0" number="8"/>
          </lines>
        </class>
        <class branch-rate="NaN" complexity="NaN" filename="Utility\LiteAppAPI-v2-R2023b\+LiteAppUtility\mustBeStringOrPositiveInteger.m" line-rate="0.5" name="LiteAppUtility.mustBeStringOrPositiveInteger">
          <methods/>
          <lines>
            <line hits="653" number="5"/>
            <line hits="653" number="7"/>
            <line hits="653" number="9"/>
            <line hits="0" number="10"/>
            <line hits="0" number="11"/>
            <line hits="0" number="12"/>
          </lines>
        </class>
        <class branch-rate="NaN" complexity="NaN" filename="Utility\LiteAppAPI-v2-R2023b\+LiteAppUtility\mustBeTextOrPositiveInteger.m" line-rate="0" name="LiteAppUtility.mustBeTextOrPositiveInteger">
          <methods/>
          <lines>
            <line hits="0" number="5"/>
            <line hits="0" number="7"/>
            <line hits="0" number="9"/>
            <line hits="0" number="11"/>
            <line hits="0" number="12"/>
            <line hits="0" number="13"/>
            <line hits="0" number="14"/>
          </lines>
        </class>
        <class branch-rate="NaN" complexity="NaN" filename="Utility\LiteAppAPI-v2-R2023b\+LiteAppUtility\mustBeTextOrPositiveNumber.m" line-rate="0.57143" name="LiteAppUtility.mustBeTextOrPositiveNumber">
          <methods/>
          <lines>
            <line hits="909" number="5"/>
            <line hits="909" number="7"/>
            <line hits="909" number="9"/>
            <line hits="909" number="11"/>
            <line hits="0" number="12"/>
            <line hits="0" number="13"/>
            <line hits="0" number="14"/>
          </lines>
        </class>
      </classes>
    </package>
    <package branch-rate="NaN" complexity="NaN" line-rate="1" name="SignalDesignUtility">
      <classes>
        <class branch-rate="NaN" complexity="NaN" filename="Utility\SignalDesigner\+SignalDesignUtility\buildTrace.m" line-rate="1" name="SignalDesignUtility.buildTrace">
          <methods/>
          <lines>
            <line hits="20" number="4"/>
            <line hits="20" number="5"/>
            <line hits="20" number="6"/>
            <line hits="20" number="7"/>
            <line hits="20" number="9"/>
            <line hits="1" number="10"/>
            <line hits="20" number="12"/>
            <line hits="20" number="15"/>
            <line hits="20" number="16"/>
            <line hits="1" number="18"/>
            <line hits="20" number="20"/>
            <line hits="20" number="21"/>
            <line hits="1" number="22"/>
            <line hits="20" number="25"/>
            <line hits="20" number="26"/>
            <line hits="20" number="27"/>
            <line hits="20" number="28"/>
            <line hits="20" number="29"/>
            <line hits="20" number="30"/>
            <line hits="20" number="31"/>
            <line hits="20" number="32"/>
            <line hits="20" number="33"/>
            <line hits="20" number="34"/>
            <line hits="20" number="35"/>
            <line hits="20" number="36"/>
            <line hits="20" number="37"/>
            <line hits="20" number="40"/>
            <line hits="20" number="41"/>
            <line hits="20" number="42"/>
            <line hits="20" number="43"/>
          </lines>
        </class>
        <class branch-rate="NaN" complexity="NaN" filename="Utility\SignalDesigner\+SignalDesignUtility\buildXYData.m" line-rate="1" name="SignalDesignUtility.buildXYData">
          <methods/>
          <lines>
            <line hits="65" number="4"/>
            <line hits="65" number="5"/>
            <line hits="65" number="6"/>
            <line hits="65" number="8"/>
            <line hits="1" number="9"/>
            <line hits="65" number="11"/>
            <line hits="65" number="14"/>
            <line hits="65" number="15"/>
            <line hits="1" number="17"/>
            <line hits="65" number="19"/>
            <line hits="65" number="20"/>
            <line hits="1" number="21"/>
            <line hits="65" number="24"/>
            <line hits="65" number="25"/>
            <line hits="65" number="27"/>
            <line hits="65" number="28"/>
            <line hits="65" number="30"/>
            <line hits="65" number="32"/>
            <line hits="65" number="35"/>
            <line hits="65" number="38"/>
            <line hits="65" number="40"/>
            <line hits="65" number="41"/>
            <line hits="65" number="42"/>
            <line hits="65" number="43"/>
            <line hits="65" number="45"/>
            <line hits="65" number="46"/>
            <line hits="65" number="48"/>
            <line hits="65" number="50"/>
            <line hits="65" number="52"/>
            <line hits="65" number="54"/>
            <line hits="65" number="55"/>
            <line hits="65" number="56"/>
            <line hits="65" number="58"/>
          </lines>
        </class>
      </classes>
    </package>
    <package branch-rate="NaN" complexity="NaN" line-rate="1" name="SignalSourceBlockCallback">
      <classes>
        <class branch-rate="NaN" complexity="NaN" filename="Utility\SignalDesigner\+SignalSourceBlockCallback\plotContinuous.m" line-rate="1" name="SignalSourceBlockCallback.plotContinuous">
          <methods/>
          <lines>
            <line hits="1" number="13"/>
            <line hits="1" number="16"/>
            <line hits="1" number="21"/>
            <line hits="1" number="22"/>
            <line hits="1" number="23"/>
            <line hits="1" number="24"/>
            <line hits="1" number="25"/>
            <line hits="1" number="27"/>
            <line hits="1" number="28"/>
            <line hits="1" number="29"/>
            <line hits="1" number="31"/>
            <line hits="1" number="32"/>
            <line hits="1" number="33"/>
            <line hits="1" number="34"/>
            <line hits="1" number="36"/>
            <line hits="1" number="38"/>
          </lines>
        </class>
        <class branch-rate="NaN" complexity="NaN" filename="Utility\SignalDesigner\+SignalSourceBlockCallback\plotContinuousMultiStep.m" line-rate="1" name="SignalSourceBlockCallback.plotContinuousMultiStep">
          <methods/>
          <lines>
            <line hits="1" number="13"/>
            <line hits="1" number="16"/>
            <line hits="1" number="21"/>
            <line hits="1" number="22"/>
            <line hits="1" number="23"/>
            <line hits="1" number="24"/>
            <line hits="1" number="25"/>
            <line hits="1" number="27"/>
            <line hits="1" number="28"/>
            <line hits="1" number="29"/>
            <line hits="1" number="31"/>
            <line hits="1" number="32"/>
            <line hits="1" number="33"/>
            <line hits="1" number="34"/>
            <line hits="1" number="36"/>
            <line hits="1" number="38"/>
          </lines>
        </class>
        <class branch-rate="NaN" complexity="NaN" filename="Utility\SignalDesigner\+SignalSourceBlockCallback\plotPieceWiseConstant.m" line-rate="1" name="SignalSourceBlockCallback.plotPieceWiseConstant">
          <methods/>
          <lines>
            <line hits="1" number="13"/>
            <line hits="1" number="16"/>
            <line hits="1" number="21"/>
            <line hits="1" number="22"/>
            <line hits="1" number="23"/>
            <line hits="1" number="24"/>
            <line hits="1" number="26"/>
            <line hits="1" number="27"/>
            <line hits="1" number="29"/>
            <line hits="1" number="30"/>
            <line hits="1" number="31"/>
            <line hits="1" number="32"/>
            <line hits="1" number="34"/>
            <line hits="1" number="36"/>
          </lines>
        </class>
        <class branch-rate="NaN" complexity="NaN" filename="Utility\SignalDesigner\+SignalSourceBlockCallback\plotTraceGenerator.m" line-rate="1" name="SignalSourceBlockCallback.plotTraceGenerator">
          <methods/>
          <lines>
            <line hits="1" number="13"/>
            <line hits="1" number="16"/>
            <line hits="1" number="21"/>
            <line hits="1" number="22"/>
            <line hits="1" number="23"/>
            <line hits="1" number="25"/>
            <line hits="1" number="26"/>
            <line hits="1" number="27"/>
            <line hits="1" number="28"/>
            <line hits="1" number="29"/>
            <line hits="1" number="30"/>
            <line hits="1" number="31"/>
            <line hits="1" number="32"/>
            <line hits="1" number="33"/>
            <line hits="1" number="34"/>
            <line hits="1" number="35"/>
            <line hits="1" number="36"/>
            <line hits="1" number="37"/>
            <line hits="1" number="39"/>
            <line hits="1" number="40"/>
            <line hits="1" number="41"/>
            <line hits="1" number="42"/>
            <line hits="1" number="43"/>
            <line hits="1" number="44"/>
            <line hits="1" number="45"/>
            <line hits="1" number="46"/>
            <line hits="1" number="47"/>
            <line hits="1" number="48"/>
            <line hits="1" number="49"/>
            <line hits="1" number="50"/>
            <line hits="1" number="51"/>
            <line hits="1" number="52"/>
            <line hits="1" number="54"/>
            <line hits="1" number="55"/>
            <line hits="1" number="56"/>
            <line hits="1" number="57"/>
            <line hits="1" number="59"/>
            <line hits="1" number="61"/>
          </lines>
        </class>
        <class branch-rate="NaN" complexity="NaN" filename="Utility\SignalDesigner\+SignalSourceBlockCallback\setDataToLookupTableBlock.m" line-rate="1" name="SignalSourceBlockCallback.setDataToLookupTableBlock">
          <methods/>
          <lines>
            <line hits="428" number="12"/>
            <line hits="428" number="16"/>
            <line hits="428" number="17"/>
            <line hits="428" number="19"/>
            <line hits="428" number="20"/>
            <line hits="428" number="22"/>
            <line hits="428" number="23"/>
          </lines>
        </class>
      </classes>
    </package>
  </packages>
</coverage>
